  player.cpp
  samplerun.cpp
  stage.cpp
D:\YugaKitabayashi\samplerun\samplerun\stage.cpp(32,23): warning C4838: 'double' から 'float' への変換には縮小変換が必要です
D:\YugaKitabayashi\samplerun\samplerun\stage.cpp(32,23): warning C4244: '初期化中': 'double' から 'float' への変換です。データが失われる可能性があります。
D:\YugaKitabayashi\samplerun\samplerun\stage.cpp(32,26): warning C4838: 'double' から 'float' への変換には縮小変換が必要です
D:\YugaKitabayashi\samplerun\samplerun\stage.cpp(32,26): warning C4244: '初期化中': 'double' から 'float' への変換です。データが失われる可能性があります。
D:\YugaKitabayashi\samplerun\samplerun\stage.cpp(32,29): warning C4838: 'double' から 'float' への変換には縮小変換が必要です
D:\YugaKitabayashi\samplerun\samplerun\stage.cpp(32,29): warning C4244: '初期化中': 'double' から 'float' への変換です。データが失われる可能性があります。
D:\YugaKitabayashi\samplerun\samplerun\stage.cpp(33,24): warning C4838: 'double' から 'float' への変換には縮小変換が必要です
D:\YugaKitabayashi\samplerun\samplerun\stage.cpp(33,24): warning C4244: '初期化中': 'double' から 'float' への変換です。データが失われる可能性があります。
D:\YugaKitabayashi\samplerun\samplerun\stage.cpp(33,27): warning C4838: 'double' から 'float' への変換には縮小変換が必要です
D:\YugaKitabayashi\samplerun\samplerun\stage.cpp(33,27): warning C4244: '初期化中': 'double' から 'float' への変換です。データが失われる可能性があります。
D:\YugaKitabayashi\samplerun\samplerun\stage.cpp(33,30): warning C4838: 'double' から 'float' への変換には縮小変換が必要です
D:\YugaKitabayashi\samplerun\samplerun\stage.cpp(33,30): warning C4244: '初期化中': 'double' から 'float' への変換です。データが失われる可能性があります。
D:\YugaKitabayashi\samplerun\samplerun\stage.cpp(41,48): warning C4244: '引数': 'double' から 'GLfloat' への変換です。データが失われる可能性があります。
D:\YugaKitabayashi\samplerun\samplerun\stage.cpp(50,48): warning C4244: '引数': 'double' から 'GLfloat' への変換です。データが失われる可能性があります。
D:\YugaKitabayashi\samplerun\samplerun\stage.cpp(59,48): warning C4244: '引数': 'double' から 'GLfloat' への変換です。データが失われる可能性があります。
D:\YugaKitabayashi\samplerun\samplerun\stage.cpp(70,15): warning C4244: '=': 'double' から 'float' への変換です。データが失われる可能性があります。
D:\YugaKitabayashi\samplerun\samplerun\stage.cpp(70,30): warning C4244: '=': 'double' から 'float' への変換です。データが失われる可能性があります。
D:\YugaKitabayashi\samplerun\samplerun\stage.cpp(71,16): warning C4244: '=': 'double' から 'float' への変換です。データが失われる可能性があります。
D:\YugaKitabayashi\samplerun\samplerun\stage.cpp(71,32): warning C4244: '=': 'double' から 'float' への変換です。データが失われる可能性があります。
D:\YugaKitabayashi\samplerun\samplerun\stage.cpp(82,48): warning C4244: '引数': 'double' から 'GLfloat' への変換です。データが失われる可能性があります。
D:\YugaKitabayashi\samplerun\samplerun\stage.cpp(93,48): warning C4244: '引数': 'double' から 'GLfloat' への変換です。データが失われる可能性があります。
  texture.cpp
  ui.cpp
  コードを生成中...
  LINK : 前回のインクリメンタル リンクで D:\YugaKitabayashi\samplerun\x64\Debug\samplerun.exe が見つからなかったか、ビルドされませんでした。フル リンクを行います。
  samplerun.vcxproj -> D:\YugaKitabayashi\samplerun\x64\Debug\samplerun.exe
